E:\找茬项目\Nitpick\Debug.win32\Nitpick.win32.pdb
E:\找茬项目\NITPICK\NITPICK\PROJ.WIN32\DEBUG.WIN32\ANTI_TRADITIONMODELAYER.OBJ
E:\找茬项目\NITPICK\NITPICK\PROJ.WIN32\DEBUG.WIN32\ANTI_TRADITIONMODESCENE.OBJ
E:\找茬项目\NITPICK\NITPICK\PROJ.WIN32\DEBUG.WIN32\APPDELEGATE.OBJ
E:\找茬项目\Nitpick\Nitpick\proj.win32\Debug.win32\cl.command.1.tlog
E:\找茬项目\Nitpick\Nitpick\proj.win32\Debug.win32\CL.read.1.tlog
E:\找茬项目\Nitpick\Nitpick\proj.win32\Debug.win32\CL.write.1.tlog
E:\找茬项目\NITPICK\NITPICK\PROJ.WIN32\DEBUG.WIN32\CLOVER_MODELAYER.OBJ
E:\找茬项目\NITPICK\NITPICK\PROJ.WIN32\DEBUG.WIN32\CLOVER_MODESCENE.OBJ
E:\找茬项目\NITPICK\NITPICK\PROJ.WIN32\DEBUG.WIN32\GAMELAYER1.OBJ
E:\找茬项目\NITPICK\NITPICK\PROJ.WIN32\DEBUG.WIN32\GAMESCENE1.OBJ
E:\找茬项目\Nitpick\Nitpick\proj.win32\Debug.win32\link.10624.read.1.tlog
E:\找茬项目\Nitpick\Nitpick\proj.win32\Debug.win32\link.10624.read.2.tlog
E:\找茬项目\Nitpick\Nitpick\proj.win32\Debug.win32\link.10624.write.1.tlog
E:\找茬项目\Nitpick\Nitpick\proj.win32\Debug.win32\link.10624-cvtres.read.1.tlog
E:\找茬项目\Nitpick\Nitpick\proj.win32\Debug.win32\link.10624-cvtres.write.1.tlog
E:\找茬项目\Nitpick\Nitpick\proj.win32\Debug.win32\link.10844.read.1.tlog
E:\找茬项目\Nitpick\Nitpick\proj.win32\Debug.win32\link.10844.read.2.tlog
E:\找茬项目\Nitpick\Nitpick\proj.win32\Debug.win32\link.10844.write.1.tlog
E:\找茬项目\Nitpick\Nitpick\proj.win32\Debug.win32\link.10844-cvtres.read.1.tlog
E:\找茬项目\Nitpick\Nitpick\proj.win32\Debug.win32\link.10844-cvtres.write.1.tlog
E:\找茬项目\Nitpick\Nitpick\proj.win32\Debug.win32\link.10856.read.1.tlog
E:\找茬项目\Nitpick\Nitpick\proj.win32\Debug.win32\link.10856.read.2.tlog
E:\找茬项目\Nitpick\Nitpick\proj.win32\Debug.win32\link.10856.write.1.tlog
E:\找茬项目\Nitpick\Nitpick\proj.win32\Debug.win32\link.10856-cvtres.read.1.tlog
E:\找茬项目\Nitpick\Nitpick\proj.win32\Debug.win32\link.10856-cvtres.write.1.tlog
E:\找茬项目\Nitpick\Nitpick\proj.win32\Debug.win32\link.11620.read.1.tlog
E:\找茬项目\Nitpick\Nitpick\proj.win32\Debug.win32\link.11620.write.1.tlog
E:\找茬项目\Nitpick\Nitpick\proj.win32\Debug.win32\link.11620-cvtres.read.1.tlog
E:\找茬项目\Nitpick\Nitpick\proj.win32\Debug.win32\link.11620-cvtres.write.1.tlog
E:\找茬项目\Nitpick\Nitpick\proj.win32\Debug.win32\link.12176.read.1.tlog
E:\找茬项目\Nitpick\Nitpick\proj.win32\Debug.win32\link.12176.read.2.tlog
E:\找茬项目\Nitpick\Nitpick\proj.win32\Debug.win32\link.12176.write.1.tlog
E:\找茬项目\Nitpick\Nitpick\proj.win32\Debug.win32\link.12176-cvtres.read.1.tlog
E:\找茬项目\Nitpick\Nitpick\proj.win32\Debug.win32\link.12176-cvtres.write.1.tlog
E:\找茬项目\Nitpick\Nitpick\proj.win32\Debug.win32\link.12352.read.1.tlog
E:\找茬项目\Nitpick\Nitpick\proj.win32\Debug.win32\link.12352.read.2.tlog
E:\找茬项目\Nitpick\Nitpick\proj.win32\Debug.win32\link.12352.write.1.tlog
E:\找茬项目\Nitpick\Nitpick\proj.win32\Debug.win32\link.12352-cvtres.read.1.tlog
E:\找茬项目\Nitpick\Nitpick\proj.win32\Debug.win32\link.12352-cvtres.write.1.tlog
E:\找茬项目\Nitpick\Nitpick\proj.win32\Debug.win32\link.12524.read.1.tlog
E:\找茬项目\Nitpick\Nitpick\proj.win32\Debug.win32\link.12524.read.2.tlog
E:\找茬项目\Nitpick\Nitpick\proj.win32\Debug.win32\link.12524.write.1.tlog
E:\找茬项目\Nitpick\Nitpick\proj.win32\Debug.win32\link.12524-cvtres.read.1.tlog
E:\找茬项目\Nitpick\Nitpick\proj.win32\Debug.win32\link.12524-cvtres.write.1.tlog
E:\找茬项目\Nitpick\Nitpick\proj.win32\Debug.win32\link.13708.read.1.tlog
E:\找茬项目\Nitpick\Nitpick\proj.win32\Debug.win32\link.13708.read.2.tlog
E:\找茬项目\Nitpick\Nitpick\proj.win32\Debug.win32\link.13708.write.1.tlog
E:\找茬项目\Nitpick\Nitpick\proj.win32\Debug.win32\link.13708-cvtres.read.1.tlog
E:\找茬项目\Nitpick\Nitpick\proj.win32\Debug.win32\link.13708-cvtres.write.1.tlog
E:\找茬项目\Nitpick\Nitpick\proj.win32\Debug.win32\link.1572.read.1.tlog
E:\找茬项目\Nitpick\Nitpick\proj.win32\Debug.win32\link.1572.read.2.tlog
E:\找茬项目\Nitpick\Nitpick\proj.win32\Debug.win32\link.1572.write.1.tlog
E:\找茬项目\Nitpick\Nitpick\proj.win32\Debug.win32\link.1572-cvtres.read.1.tlog
E:\找茬项目\Nitpick\Nitpick\proj.win32\Debug.win32\link.1572-cvtres.write.1.tlog
E:\找茬项目\Nitpick\Nitpick\proj.win32\Debug.win32\link.5892.read.1.tlog
E:\找茬项目\Nitpick\Nitpick\proj.win32\Debug.win32\link.5892.read.2.tlog
E:\找茬项目\Nitpick\Nitpick\proj.win32\Debug.win32\link.5892.write.1.tlog
E:\找茬项目\Nitpick\Nitpick\proj.win32\Debug.win32\link.5892-cvtres.read.1.tlog
E:\找茬项目\Nitpick\Nitpick\proj.win32\Debug.win32\link.5892-cvtres.write.1.tlog
E:\找茬项目\Nitpick\Nitpick\proj.win32\Debug.win32\link.7584.read.1.tlog
E:\找茬项目\Nitpick\Nitpick\proj.win32\Debug.win32\link.7584.read.2.tlog
E:\找茬项目\Nitpick\Nitpick\proj.win32\Debug.win32\link.7584.write.1.tlog
E:\找茬项目\Nitpick\Nitpick\proj.win32\Debug.win32\link.7584-cvtres.read.1.tlog
E:\找茬项目\Nitpick\Nitpick\proj.win32\Debug.win32\link.7584-cvtres.write.1.tlog
E:\找茬项目\Nitpick\Nitpick\proj.win32\Debug.win32\link.8000.read.1.tlog
E:\找茬项目\Nitpick\Nitpick\proj.win32\Debug.win32\link.8000.write.1.tlog
E:\找茬项目\Nitpick\Nitpick\proj.win32\Debug.win32\link.8280.read.1.tlog
E:\找茬项目\Nitpick\Nitpick\proj.win32\Debug.win32\link.8280.read.2.tlog
E:\找茬项目\Nitpick\Nitpick\proj.win32\Debug.win32\link.8280.write.1.tlog
E:\找茬项目\Nitpick\Nitpick\proj.win32\Debug.win32\link.8280-cvtres.read.1.tlog
E:\找茬项目\Nitpick\Nitpick\proj.win32\Debug.win32\link.8280-cvtres.write.1.tlog
E:\找茬项目\Nitpick\Nitpick\proj.win32\Debug.win32\link.8444.read.1.tlog
E:\找茬项目\Nitpick\Nitpick\proj.win32\Debug.win32\link.8444.read.2.tlog
E:\找茬项目\Nitpick\Nitpick\proj.win32\Debug.win32\link.8444.write.1.tlog
E:\找茬项目\Nitpick\Nitpick\proj.win32\Debug.win32\link.8444-cvtres.read.1.tlog
E:\找茬项目\Nitpick\Nitpick\proj.win32\Debug.win32\link.8444-cvtres.write.1.tlog
E:\找茬项目\Nitpick\Nitpick\proj.win32\Debug.win32\link.8496.read.1.tlog
E:\找茬项目\Nitpick\Nitpick\proj.win32\Debug.win32\link.8496.read.2.tlog
E:\找茬项目\Nitpick\Nitpick\proj.win32\Debug.win32\link.8496.write.1.tlog
E:\找茬项目\Nitpick\Nitpick\proj.win32\Debug.win32\link.8496-cvtres.read.1.tlog
E:\找茬项目\Nitpick\Nitpick\proj.win32\Debug.win32\link.8496-cvtres.write.1.tlog
E:\找茬项目\Nitpick\Nitpick\proj.win32\Debug.win32\link.8508.read.1.tlog
E:\找茬项目\Nitpick\Nitpick\proj.win32\Debug.win32\link.8508.read.2.tlog
E:\找茬项目\Nitpick\Nitpick\proj.win32\Debug.win32\link.8508.write.1.tlog
E:\找茬项目\Nitpick\Nitpick\proj.win32\Debug.win32\link.8508-cvtres.read.1.tlog
E:\找茬项目\Nitpick\Nitpick\proj.win32\Debug.win32\link.8508-cvtres.write.1.tlog
E:\找茬项目\Nitpick\Nitpick\proj.win32\Debug.win32\link.8532.read.1.tlog
E:\找茬项目\Nitpick\Nitpick\proj.win32\Debug.win32\link.8532.read.2.tlog
E:\找茬项目\Nitpick\Nitpick\proj.win32\Debug.win32\link.8532.write.1.tlog
E:\找茬项目\Nitpick\Nitpick\proj.win32\Debug.win32\link.8532-cvtres.read.1.tlog
E:\找茬项目\Nitpick\Nitpick\proj.win32\Debug.win32\link.8532-cvtres.write.1.tlog
E:\找茬项目\Nitpick\Nitpick\proj.win32\Debug.win32\link.8704.read.1.tlog
E:\找茬项目\Nitpick\Nitpick\proj.win32\Debug.win32\link.8704.read.2.tlog
E:\找茬项目\Nitpick\Nitpick\proj.win32\Debug.win32\link.8704.write.1.tlog
E:\找茬项目\Nitpick\Nitpick\proj.win32\Debug.win32\link.8704-cvtres.read.1.tlog
E:\找茬项目\Nitpick\Nitpick\proj.win32\Debug.win32\link.8704-cvtres.write.1.tlog
E:\找茬项目\Nitpick\Nitpick\proj.win32\Debug.win32\link.8964.read.1.tlog
E:\找茬项目\Nitpick\Nitpick\proj.win32\Debug.win32\link.8964.read.2.tlog
E:\找茬项目\Nitpick\Nitpick\proj.win32\Debug.win32\link.8964.write.1.tlog
E:\找茬项目\Nitpick\Nitpick\proj.win32\Debug.win32\link.8964-cvtres.read.1.tlog
E:\找茬项目\Nitpick\Nitpick\proj.win32\Debug.win32\link.8964-cvtres.write.1.tlog
E:\找茬项目\Nitpick\Nitpick\proj.win32\Debug.win32\link.9496.read.1.tlog
E:\找茬项目\Nitpick\Nitpick\proj.win32\Debug.win32\link.9496.read.2.tlog
E:\找茬项目\Nitpick\Nitpick\proj.win32\Debug.win32\link.9496.write.1.tlog
E:\找茬项目\Nitpick\Nitpick\proj.win32\Debug.win32\link.9496-cvtres.read.1.tlog
E:\找茬项目\Nitpick\Nitpick\proj.win32\Debug.win32\link.9496-cvtres.write.1.tlog
E:\找茬项目\Nitpick\Nitpick\proj.win32\Debug.win32\link.9884.read.1.tlog
E:\找茬项目\Nitpick\Nitpick\proj.win32\Debug.win32\link.9884.read.2.tlog
E:\找茬项目\Nitpick\Nitpick\proj.win32\Debug.win32\link.9884.write.1.tlog
E:\找茬项目\Nitpick\Nitpick\proj.win32\Debug.win32\link.9884-cvtres.read.1.tlog
E:\找茬项目\Nitpick\Nitpick\proj.win32\Debug.win32\link.9884-cvtres.write.1.tlog
E:\找茬项目\Nitpick\Nitpick\proj.win32\Debug.win32\link.command.1.tlog
E:\找茬项目\Nitpick\Nitpick\proj.win32\Debug.win32\link.read.1.tlog
E:\找茬项目\Nitpick\Nitpick\proj.win32\Debug.win32\link.read.2.tlog
E:\找茬项目\Nitpick\Nitpick\proj.win32\Debug.win32\link.write.1.tlog
E:\找茬项目\Nitpick\Nitpick\proj.win32\Debug.win32\link-cvtres.read.1.tlog
E:\找茬项目\Nitpick\Nitpick\proj.win32\Debug.win32\link-cvtres.write.1.tlog
E:\找茬项目\NITPICK\NITPICK\PROJ.WIN32\DEBUG.WIN32\MAIN.OBJ
E:\找茬项目\NITPICK\NITPICK\PROJ.WIN32\DEBUG.WIN32\MIRROR_MODELAYER.OBJ
E:\找茬项目\NITPICK\NITPICK\PROJ.WIN32\DEBUG.WIN32\MIRROR_MODESCENE.OBJ
E:\找茬项目\Nitpick\Nitpick\proj.win32\Debug.win32\mt.command.1.tlog
E:\找茬项目\Nitpick\Nitpick\proj.win32\Debug.win32\mt.read.1.tlog
E:\找茬项目\Nitpick\Nitpick\proj.win32\Debug.win32\mt.write.1.tlog
E:\找茬项目\NITPICK\NITPICK\PROJ.WIN32\DEBUG.WIN32\NITPICK.RES
E:\找茬项目\NITPICK\NITPICK\PROJ.WIN32\DEBUG.WIN32\NITPICK.WIN32.EXE.EMBED.MANIFEST
E:\找茬项目\NITPICK\NITPICK\PROJ.WIN32\DEBUG.WIN32\NITPICK.WIN32.EXE.EMBED.MANIFEST.RES
E:\找茬项目\Nitpick\Nitpick\proj.win32\Debug.win32\Nitpick.win32.exe.intermediate.manifest
E:\找茬项目\Nitpick\Nitpick\proj.win32\Debug.win32\Nitpick.win32.vcxprojResolveAssemblyReference.cache
E:\找茬项目\Nitpick\Nitpick\proj.win32\Debug.win32\Nitpick.win32.write.1.tlog
E:\找茬项目\Nitpick\Nitpick\proj.win32\Debug.win32\Nitpick.win32_manifest.rc
E:\找茬项目\NITPICK\NITPICK\PROJ.WIN32\DEBUG.WIN32\NORMAL_MODELAYER.OBJ
E:\找茬项目\NITPICK\NITPICK\PROJ.WIN32\DEBUG.WIN32\NORMAL_MODESCENE.OBJ
E:\找茬项目\NITPICK\NITPICK\PROJ.WIN32\DEBUG.WIN32\PICK_PATTERN.OBJ
E:\找茬项目\NITPICK\NITPICK\PROJ.WIN32\DEBUG.WIN32\PUZZLE_MODELAYER.OBJ
E:\找茬项目\NITPICK\NITPICK\PROJ.WIN32\DEBUG.WIN32\PUZZLE_MODESCENE.OBJ
E:\找茬项目\Nitpick\Nitpick\proj.win32\Debug.win32\rc.command.1.tlog
E:\找茬项目\Nitpick\Nitpick\proj.win32\Debug.win32\rc.read.1.tlog
E:\找茬项目\Nitpick\Nitpick\proj.win32\Debug.win32\rc.write.1.tlog
E:\找茬项目\NITPICK\NITPICK\PROJ.WIN32\DEBUG.WIN32\SLIDING_MODELAYER.OBJ
E:\找茬项目\NITPICK\NITPICK\PROJ.WIN32\DEBUG.WIN32\SLIDING_MODESCENE.OBJ
E:\找茬项目\NITPICK\NITPICK\PROJ.WIN32\DEBUG.WIN32\SLIDINGLAYER.OBJ
E:\找茬项目\NITPICK\NITPICK\PROJ.WIN32\DEBUG.WIN32\STARTGAME.OBJ
E:\找茬项目\Nitpick\Nitpick\proj.win32\Debug.win32\vc100.idb
E:\找茬项目\NITPICK\NITPICK\PROJ.WIN32\DEBUG.WIN32\VC100.PDB
